<?xml version="1.0" encoding="UTF-8"?>
<!-- Generated by org.testng.reporters.JUnitXMLReporter -->
<testsuite hostname="MacBook-Pro-of-Yogesh.local" ignored="1" name="Default test" tests="5" failures="0" timestamp="30 Jan 2022 08:44:30 GMT" time="8.624" errors="0">
  <testcase name="createUserExcelAPIPostTest" time="2.782" classname="com.qa.api.Gorest.tests.CreateUserPostTest"/>
  <testcase name="createUserExcelAPIPostTest" time="1.349" classname="com.qa.api.Gorest.tests.CreateUserPostTest"/>
  <testcase name="createUserExcelAPIPostTest" time="1.288" classname="com.qa.api.Gorest.tests.CreateUserPostTest"/>
  <testcase name="createUserExcelAPIPostTest" time="1.435" classname="com.qa.api.Gorest.tests.CreateUserPostTest"/>
  <testcase name="createUserExcelAPIPostTest" time="1.351" classname="com.qa.api.Gorest.tests.CreateUserPostTest"/>
  <testcase name="createUserAPIPostTest" time="0.0" classname="com.qa.api.Gorest.tests.CreateUserPostTest">
    <ignored/>
  </testcase> <!-- createUserAPIPostTest -->
</testsuite> <!-- Default test -->
