<?xml version="1.0" encoding="UTF-8"?>
<testng-results skipped="0" failed="0" ignored="0" total="1" passed="1">
  <reporter-output>
  </reporter-output>
  <suite name="Default suite" duration-ms="1593" started-at="2022-01-30T05:04:54Z" finished-at="2022-01-30T05:04:55Z">
    <groups>
    </groups>
    <test name="Default test" duration-ms="1593" started-at="2022-01-30T05:04:54Z" finished-at="2022-01-30T05:04:55Z">
      <class name="com.qa.api.Gorest.tests.CreateUserPostTest">
        <test-method status="PASS" signature="createUserAPIPostTest()[pri:0, instance:com.qa.api.Gorest.tests.CreateUserPostTest@51e5fc98]" name="createUserAPIPostTest" duration-ms="1576" started-at="2022-01-30T05:04:54Z" finished-at="2022-01-30T05:04:55Z">
          <reporter-output>
          </reporter-output>
        </test-method> <!-- createUserAPIPostTest -->
      </class> <!-- com.qa.api.Gorest.tests.CreateUserPostTest -->
    </test> <!-- Default test -->
  </suite> <!-- Default suite -->
</testng-results>
